<?xml version="1.0" encoding="UTF-8"?>
<!-- Generated by org.testng.reporters.JUnitXMLReporter -->
<testsuite ignored="0" hostname="WINDOWS-UNR7VLH" failures="0" tests="5" name="HealthRecordAutomation" time="60.834" errors="0" timestamp="2023-11-17T11:48:51 IST">
  <testcase classname="test.com.metlife.springboot.LoginTest" name="invalidLoginTest" time="2.634"/>
  <testcase classname="test.com.metlife.springboot.LoginTest" name="invalidLoginTest" time="2.442"/>
  <testcase classname="test.com.metlife.springboot.LoginTest" name="invalidLoginTest" time="2.485"/>
  <testcase classname="test.com.metlife.springboot.LoginTest" name="validLoginTest" time="5.38"/>
  <testcase classname="test.com.metlife.springboot.LoginTest" name="validLoginTest" time="6.048"/>
</testsuite> <!-- HealthRecordAutomation -->
