<?xml version="1.0" encoding="UTF-8"?>
<testng-results ignored="0" total="1" passed="1" failed="0" skipped="0">
  <reporter-output>
  </reporter-output>
  <suite started-at="2023-11-28T17:11:59 IST" name="OpenEMR Suite" finished-at="2023-11-28T17:12:09 IST" duration-ms="9809">
    <groups>
      <group name="ui">
        <method signature="LoginUITest.titleTest()[pri:0, instance:com.metlife.test.LoginUITest@5ef5c734]" name="titleTest" class="com.metlife.test.LoginUITest"/>
      </group> <!-- ui -->
      <group name="smoke">
        <method signature="LoginUITest.titleTest()[pri:0, instance:com.metlife.test.LoginUITest@5ef5c734]" name="titleTest" class="com.metlife.test.LoginUITest"/>
      </group> <!-- smoke -->
    </groups>
    <test started-at="2023-11-28T17:11:59 IST" name="UI Test" finished-at="2023-11-28T17:12:09 IST" duration-ms="9809">
      <class name="com.metlife.test.LoginUITest">
        <test-method is-config="true" signature="init()[pri:0, instance:com.metlife.test.LoginUITest@5ef5c734]" started-at="2023-11-28T17:11:59 IST" name="init" finished-at="2023-11-28T17:11:59 IST" duration-ms="377" status="PASS">
          <reporter-output>
          </reporter-output>
        </test-method> <!-- init -->
        <test-method is-config="true" signature="springTestContextBeforeTestClass()[pri:0, instance:com.metlife.test.LoginUITest@5ef5c734]" started-at="2023-11-28T17:11:59 IST" name="springTestContextBeforeTestClass" finished-at="2023-11-28T17:11:59 IST" duration-ms="5" status="PASS">
          <reporter-output>
          </reporter-output>
        </test-method> <!-- springTestContextBeforeTestClass -->
        <test-method is-config="true" signature="springTestContextPrepareTestInstance()[pri:0, instance:com.metlife.test.LoginUITest@5ef5c734]" started-at="2023-11-28T17:11:59 IST" name="springTestContextPrepareTestInstance" finished-at="2023-11-28T17:12:00 IST" depends-on-methods="org.springframework.test.context.testng.AbstractTestNGSpringContextTests.springTestContextBeforeTestClass" duration-ms="857" status="PASS">
          <reporter-output>
          </reporter-output>
        </test-method> <!-- springTestContextPrepareTestInstance -->
        <test-method is-config="true" signature="springTestContextBeforeTestMethod(java.lang.reflect.Method)[pri:0, instance:com.metlife.test.LoginUITest@5ef5c734]" started-at="2023-11-28T17:12:00 IST" name="springTestContextBeforeTestMethod" finished-at="2023-11-28T17:12:02 IST" duration-ms="1445" status="PASS">
          <params>
            <param index="0">
              <value>
                <![CDATA[public void com.metlife.test.LoginUITest.titleTest()]]>
              </value>
            </param>
          </params>
          <reporter-output>
          </reporter-output>
        </test-method> <!-- springTestContextBeforeTestMethod -->
        <test-method is-config="true" signature="setup(java.lang.String,java.lang.reflect.Method)[pri:0, instance:com.metlife.test.LoginUITest@5ef5c734]" started-at="2023-11-28T17:12:02 IST" name="setup" finished-at="2023-11-28T17:12:02 IST" duration-ms="15" status="PASS">
          <params>
            <param index="0">
              <value>
                <![CDATA[edge]]>
              </value>
            </param>
            <param index="1">
              <value>
                <![CDATA[public void com.metlife.test.LoginUITest.titleTest()]]>
              </value>
            </param>
          </params>
          <reporter-output>
          </reporter-output>
        </test-method> <!-- setup -->
        <test-method signature="titleTest()[pri:0, instance:com.metlife.test.LoginUITest@5ef5c734]" started-at="2023-11-28T17:12:02 IST" name="titleTest" finished-at="2023-11-28T17:12:09 IST" duration-ms="7066" status="PASS">
          <reporter-output>
          </reporter-output>
        </test-method> <!-- titleTest -->
        <test-method is-config="true" signature="teardown(org.testng.ITestResult)[pri:0, instance:com.metlife.test.LoginUITest@5ef5c734]" started-at="2023-11-28T17:12:09 IST" name="teardown" finished-at="2023-11-28T17:12:09 IST" duration-ms="346" status="PASS">
          <params>
            <param index="0">
              <value>
                <![CDATA[[TestResult name=titleTest status=SUCCESS method=LoginUITest.titleTest()[pri:0, instance:com.metlife.test.LoginUITest@5ef5c734] output={null}]]]>
              </value>
            </param>
          </params>
          <reporter-output>
          </reporter-output>
        </test-method> <!-- teardown -->
        <test-method is-config="true" signature="springTestContextAfterTestMethod(java.lang.reflect.Method)[pri:0, instance:com.metlife.test.LoginUITest@5ef5c734]" started-at="2023-11-28T17:12:09 IST" name="springTestContextAfterTestMethod" finished-at="2023-11-28T17:12:09 IST" duration-ms="10" status="PASS">
          <params>
            <param index="0">
              <value>
                <![CDATA[public void com.metlife.test.LoginUITest.titleTest()]]>
              </value>
            </param>
          </params>
          <reporter-output>
          </reporter-output>
        </test-method> <!-- springTestContextAfterTestMethod -->
        <test-method is-config="true" signature="springTestContextAfterTestClass()[pri:0, instance:com.metlife.test.LoginUITest@5ef5c734]" started-at="2023-11-28T17:12:09 IST" name="springTestContextAfterTestClass" finished-at="2023-11-28T17:12:09 IST" duration-ms="3" status="PASS">
          <reporter-output>
          </reporter-output>
        </test-method> <!-- springTestContextAfterTestClass -->
        <test-method is-config="true" signature="end()[pri:0, instance:com.metlife.test.LoginUITest@5ef5c734]" started-at="2023-11-28T17:12:09 IST" name="end" finished-at="2023-11-28T17:12:10 IST" duration-ms="697" status="PASS">
          <reporter-output>
          </reporter-output>
        </test-method> <!-- end -->
      </class> <!-- com.metlife.test.LoginUITest -->
    </test> <!-- UI Test -->
  </suite> <!-- OpenEMR Suite -->
</testng-results>
