<?xml version="1.0" encoding="UTF-8"?>
<!-- Generated by org.testng.reporters.JUnitXMLReporter -->
<testsuite ignored="0" hostname="WINDOWS-UNR7VLH" failures="0" tests="3" name="Chrome UI Test3" time="24.731" errors="0" timestamp="2023-11-17T13:04:48 IST">
  <testcase classname="test.com.metlife.springboot.LoginUITest" name="applicationDescriptionTest" time="0.125"/>
  <testcase classname="test.com.metlife.springboot.LoginUITest" name="placeholderTest" time="0.168"/>
  <testcase classname="test.com.metlife.springboot.LoginUITest" name="titleTest" time="0.022"/>
</testsuite> <!-- Chrome UI Test3 -->
