<?xml version="1.0" encoding="UTF-8"?>
<!-- Generated by org.testng.reporters.JUnitXMLReporter -->
<testsuite ignored="0" hostname="WINDOWS-UNR7VLH" failures="0" tests="3" name="Chrome UI Test" time="22.046" errors="0" timestamp="2023-11-17T13:04:25 IST">
  <testcase classname="test.com.metlife.springboot.LoginUITest" name="applicationDescriptionTest" time="0.106"/>
  <testcase classname="test.com.metlife.springboot.LoginUITest" name="placeholderTest" time="0.158"/>
  <testcase classname="test.com.metlife.springboot.LoginUITest" name="titleTest" time="0.016"/>
</testsuite> <!-- Chrome UI Test -->
