<?xml version="1.0" encoding="UTF-8"?>
<!-- Generated by org.testng.reporters.JUnitXMLReporter -->
<testsuite ignored="3" hostname="WINDOWS-UNR7VLH" failures="0" tests="3" name="Edge UI Test" time="43.825" errors="0" timestamp="2023-11-17T13:13:55 IST">
  <testcase classname="test.com.metlife.springboot.LoginUITest" name="titleTest" time="0.032"/>
  <testcase classname="test.com.metlife.springboot.LoginTest" name="validLoginTest" time="5.986"/>
  <testcase classname="test.com.metlife.springboot.LoginTest" name="validLoginTest" time="5.664"/>
  <testcase classname="test.com.metlife.springboot.LoginUITest" name="placeholderTest" time="0.0">
    <ignored/>
  </testcase> <!-- placeholderTest -->
  <testcase classname="test.com.metlife.springboot.LoginTest" name="invalidLoginTest" time="0.0">
    <ignored/>
  </testcase> <!-- invalidLoginTest -->
  <testcase classname="test.com.metlife.springboot.LoginUITest" name="applicationDescriptionTest" time="0.0">
    <ignored/>
  </testcase> <!-- applicationDescriptionTest -->
</testsuite> <!-- Edge UI Test -->
