<?xml version="1.0" encoding="UTF-8"?>
<!-- Generated by org.testng.reporters.JUnitXMLReporter -->
<testsuite ignored="2" hostname="WINDOWS-UNR7VLH" failures="0" tests="1" name="UI Test" time="9.809" errors="0" timestamp="2023-11-28T17:12:09 IST">
  <testcase classname="com.metlife.test.LoginUITest" name="titleTest" time="7.066"/>
  <testcase classname="com.metlife.test.LoginUITest" name="applicationDescriptionTest" time="0.0">
    <ignored/>
  </testcase> <!-- applicationDescriptionTest -->
  <testcase classname="com.metlife.test.LoginUITest" name="placeholderTest" time="0.0">
    <ignored/>
  </testcase> <!-- placeholderTest -->
</testsuite> <!-- UI Test -->
